[07:09:07.256] [INFO] Storybook Upgrade - v9.0.14
[07:09:07.283] [INFO] detect-projects-spinner-start: Detecting projects...
[07:09:07.284] [DEBUG] Finding Storybook projects...
[07:09:07.390] [DEBUG] Found 1 Storybook projects
[07:09:07.391] [INFO] detect-projects-spinner: Detecting projects: 1 projects
[07:09:07.391] [DEBUG] Getting Storybook data...
[07:09:07.391] [DEBUG] Getting Storybook info...
[07:09:07.391] [DEBUG] Loading main config...
[07:09:07.503] [DEBUG] Getting stories paths...
[07:09:07.517] [DEBUG] Getting package manager...
[07:09:07.639] [DEBUG] Getting Storybook version...
[07:09:07.639] [DEBUG] /.storybook - Validating before version... 8.6.14
[07:09:07.639] [DEBUG] /.storybook - Validating upgrade compatibility...
[07:09:07.640] [DEBUG] /.storybook - Fetching NPM version information...
[07:09:07.640] [DEBUG] Getting CLI versions from NPM for storybook...
[07:09:07.641] [DEBUG] Getting CLI versions from NPM for storybook@next...
[07:09:08.080] [DEBUG] /.storybook - Evaluating blockers...
[07:09:08.081] [DEBUG] Getting installed version for @storybook/experimental-addon-test...
[07:09:08.584] [INFO] detect-projects-spinner-stop: 1 project detected
[07:09:08.585] [DEBUG] Found 1 valid projects and 0 error projects
[07:09:08.585] [INFO] Upgrading from 8.6.14 to 9.0.14
[07:09:08.602] [INFO] upgrade-dependencies-task-start: Fetching versions to update package.json files..
[07:09:08.602] [DEBUG] Updating dependencies in /.storybook...
[07:09:08.619] [INFO] upgrade-dependencies-task: /package.json
[07:09:08.619] [DEBUG] {
  "upgradedDependencies": []
}
[07:09:08.619] [DEBUG] {
  "upgradedDevDependencies": [
    "@storybook/nextjs@^9.0.14"
  ]
}
[07:09:08.619] [DEBUG] {
  "upgradedPeerDependencies": []
}
[07:09:08.620] [DEBUG] Getting CLI versions from NPM for @storybook/nextjs...
[07:09:10.460] [INFO] upgrade-dependencies-task-success: Updated package versions in package.json files
[07:09:10.460] [INFO] detect-automigrations-task-start: Detecting automigrations...
[07:09:10.461] [DEBUG] Starting automigration collection across 1 projects and 15 fixes...
[07:09:10.488] [INFO] detect-automigrations-task: Checking automigrations for /.storybook...
[07:09:10.488] [DEBUG] Processing project: /.storybook
[07:09:10.488] [DEBUG] Checking fix eslintPlugin for project /.storybook...
[07:09:10.490] [DEBUG] Checking fix addon-mdx-gfm-remove for project /.storybook...
[07:09:10.490] [DEBUG] Checking fix addon-storysource-code-panel for project /.storybook...
[07:09:10.490] [DEBUG] Checking fix upgrade-storybook-related-dependencies for project /.storybook...
[07:09:10.490] [DEBUG] Checking for incompatible storybook packages...
[07:09:10.492] [DEBUG] Getting installed version for @storybook/addon-essentials...
[07:09:10.493] [DEBUG] Getting installed version for @storybook/addon-interactions...
[07:09:10.493] [DEBUG] Getting installed version for @storybook/addon-backgrounds...
[07:09:10.493] [DEBUG] Getting installed version for @storybook/testing-library...
[07:09:11.918] [DEBUG] An issue occurred while trying to find dependencies metadata using npm.
[07:09:11.918] [DEBUG] Getting CLI versions from NPM for @storybook/addon-essentials...
[07:09:11.950] [DEBUG] An issue occurred while trying to find dependencies metadata using npm.
[07:09:11.950] [DEBUG] Getting CLI versions from NPM for @storybook/addon-backgrounds...
[07:09:11.972] [DEBUG] An issue occurred while trying to find dependencies metadata using npm.
[07:09:11.972] [DEBUG] Getting CLI versions from NPM for @storybook/testing-library...
[07:09:11.994] [DEBUG] An issue occurred while trying to find dependencies metadata using npm.
[07:09:11.994] [DEBUG] Getting CLI versions from NPM for @storybook/addon-interactions...
[07:09:14.169] [DEBUG] Checking fix initial-globals for project /.storybook...
[07:09:14.178] [DEBUG] Checking fix addon-a11y-addon-test for project /.storybook...
[07:09:14.178] [DEBUG] Checking fix consolidated-imports for project /.storybook...
[07:09:14.179] [DEBUG] Checking fix addon-experimental-test for project /.storybook...
[07:09:14.179] [DEBUG] Using cached installed version for @storybook/experimental-addon-test...
[07:09:14.179] [DEBUG] Checking fix rnstorybook-config for project /.storybook...
[07:09:14.179] [DEBUG] Checking fix remove-addon-interactions for project /.storybook...
[07:09:14.179] [DEBUG] Checking fix renderer-to-framework for project /.storybook...
[07:09:14.179] [DEBUG] Checking fix remove-essential-addons for project /.storybook...
[07:09:14.179] [DEBUG] Checking fix addon-a11y-parameters for project /.storybook...
[07:09:14.179] [DEBUG] Checking fix remove-docs-autodocs for project /.storybook...
[07:09:14.180] [DEBUG] Checking fix wrap-require for project /.storybook...
[07:09:14.207] [INFO] detect-automigrations-task: 
Automigrations detected:
[07:09:14.232] [INFO] detect-automigrations-task: ✔ eslintPlugin
[07:09:14.257] [INFO] detect-automigrations-task: ✔ remove-addon-interactions
[07:09:14.280] [INFO] detect-automigrations-task: ✔ remove-essential-addons
[07:09:14.281] [INFO] detect-automigrations-task-success: 3 automigration(s) detected
[07:09:26.725] [PROMPT] Select automigrations to run {"choice":["eslintPlugin","remove-addon-interactions","remove-essential-addons"]}
[07:09:26.726] [INFO] automigrate-/.storybook-task-start: Running automigrations for /.storybook
[07:09:26.726] [DEBUG] Adding dependencies: eslint-plugin-storybook@9.0.14
[07:09:26.727] [DEBUG] Getting CLI versions from NPM for eslint-plugin-storybook...
[07:09:27.190] [DEBUG] Detected flat config at /Users/orocha/Developer/kanban-app/eslint.config.mjs
[07:09:27.232] [INFO] automigrate-/.storybook-task: ✔ eslintPlugin
[07:09:27.234] [DEBUG] Uninstalling @storybook/addon-interactions
[07:09:27.234] [DEBUG] Removing '@storybook/addon-interactions' from main.js addons field.
[07:09:27.261] [INFO] automigrate-/.storybook-task: ✔ remove-addon-interactions
[07:09:27.263] [DEBUG] Uninstalling @storybook/addon-essentials
[07:09:27.263] [DEBUG] Removing '@storybook/addon-essentials' from main.js addons field.
[07:09:27.265] [DEBUG] Uninstalling @storybook/addon-backgrounds
[07:09:27.265] [DEBUG] Removing '@storybook/addon-backgrounds' from main.js addons field.
[07:09:27.266] [DEBUG] Getting Storybook info...
[07:09:27.266] [DEBUG] Loading main config...
[07:09:27.270] [DEBUG] Getting stories paths...
[07:09:27.270] [DEBUG] Getting package manager...
[07:09:27.272] [DEBUG] Getting Storybook version...
[07:09:27.300] [INFO] automigrate-/.storybook-task: Verifying @storybook/addon-docs
[07:09:27.332] [INFO] automigrate-/.storybook-task: Installing @storybook/addon-docs@9.0.14
[07:09:27.332] [DEBUG] Getting CLI versions from NPM for @storybook/addon-docs...
[07:09:27.950] [INFO] automigrate-/.storybook-task: Adding '@storybook/addon-docs' to the "addons" field in
/Users/orocha/Developer/kanban-app/.storybook/main.ts
[07:09:27.981] [INFO] automigrate-/.storybook-task: ✔ remove-essential-addons
[07:09:27.982] [INFO] automigrate-/.storybook-task-success: Completed automigrations for /.storybook
[07:09:27.982] [INFO] Installing dependencies...
[07:09:27.982] [INFO] install-dependencies-task-start: Installing dependencies...
[07:09:35.870] [INFO] added 16 packages, removed 53 packages, changed 3 packages, and audited 1073 packages in 8s
[07:09:35.896] [INFO] install-dependencies-task: added 16 packages, removed 53 packages, changed 3 packages, and audited 1073
packages in 8s
[07:09:35.897] [INFO] 229 packages are looking for funding
  run `npm fund` for details

found 0 vulnerabilities
[07:09:35.924] [INFO] install-dependencies-task: 229 packages are looking for funding
run `npm fund` for details

found 0 vulnerabilities
[07:09:35.924] [INFO] Dependencies installed
[07:09:35.924] [INFO] install-dependencies-task-success: Dependencies installed
[07:09:35.924] [INFO] Checking the health of your project(s)..
[07:09:36.649] [WARN] /.storybook: 1 issue found
[07:09:36.674] [INFO] The "storybook" package was not found in your package.json.
Installing "storybook" as a direct dev dependency in your package.json is required.
[07:09:36.674] [INFO] Missing Storybook Dependency
[07:09:36.697] [INFO] The "storybook" package was not found in your package.json.
Installing "storybook" as a direct dev dependency in your package.json is required.
[07:09:36.722] [INFO] Storybook doctor is complete!
[07:09:36.746] [INFO] You can always recheck the health of your project(s) by running:
npx storybook doctor
[07:09:36.767] [INFO] The upgrade is complete!
[07:09:36.786] [INFO] Your project(s) have been upgraded successfully, but some issues were found which need your attention, please check Storybook doctor logs above.
[07:09:36.835] [INFO] If you want to learn more about the automigrations that executed in your project(s), please check the following links:

• eslintPlugin
• remove-addon-interactions
• remove-essential-addons
[07:09:36.846] [INFO] For a full list of changes, please check our migration guide: https://storybook.js.org/docs/migration-guide
[07:09:36.930] [INFO] Attention: Storybook now collects completely anonymous telemetry regarding usage. This information is used to shape Storybook's roadmap and prioritize features.
[07:09:36.945] [INFO] You can learn more, including how to opt-out if you'd not like to participate in this anonymous program, by visiting the following URL:
[07:09:36.958] [INFO] https://storybook.js.org/telemetry
[07:09:36.971] [INFO] 